[2021-04-27 09:19:05] Файл «Znischuvach_komah_GC1-60.jpg» успешно загружен. 
[2021-04-27 09:33:56] Файл «logo_dkpk.png» успешно загружен. 
[2021-04-27 09:34:48] Файл «Kopiya-logotipKPK-1.png» успешно загружен. 
[2021-04-27 09:35:05] Файл «Znischuvach_komah_GC1-60(1).jpg» успешно загружен. 
[2021-04-27 09:36:00] Файл «logo_dkpk(1).png» успешно загружен. 
[2021-04-27 09:37:29] Файл «logo_dkpk(2).png» успешно загружен. 
[2021-04-27 09:46:28] Файл «logo_dkpk(3).png» успешно загружен. 
[2021-04-27 09:55:03] Файл «logo_dkpk(4).png» успешно загружен. 
[2021-04-27 09:56:30] Файл «logo_dkpk(5).png» успешно загружен. 
[2021-04-27 09:58:31] Файл «logo_dkpk(6).png» успешно загружен. 
[2021-04-27 10:11:10] Файл «Lampa_trubchataya_F20T8-BL368.bmp» успешно загружен. 
[2021-04-27 10:15:10] Файл «logo_dkpk(7).png» успешно загружен. 
[2021-04-27 10:16:18] Файл «logo_dkpk(8).png» успешно загружен. 
[2021-04-27 10:19:04] Файл «Znischuvach_komah_GC1-60(2).jpg» успешно загружен. 
[2021-04-27 10:21:15] Файл «Kopiya-logotipKPK-1(1).png» успешно загружен. 
[2021-04-27 10:28:48] Файл «logo_dkpk(10).png» успешно загружен. 
[2021-04-27 10:34:22] Файл «Chrysanthemum.jpg» успешно загружен. 
[2021-04-27 11:12:16] Файл «Chrysanthemum(1).jpg» успешно загружен. 
[2021-04-27 11:13:13] Файл «Chrysanthemum(2).jpg» успешно загружен. 
[2021-04-27 13:09:26] Файл «Koala.jpg» успешно загружен. 
[2021-04-27 13:16:40] Файл «1.bmp» успешно загружен. 
[2021-04-27 13:30:44] Файл «1(1).bmp» успешно загружен. 
[2021-04-27 13:33:30] Файл «2.bmp» успешно загружен. 
[2021-04-27 13:33:51] Файл «1(2).bmp» успешно загружен. 
[2021-04-27 13:35:09] Файл «logo_dkpk(11).png» успешно загружен. 
[2021-04-27 13:40:09] Файл «logo_dkpk(12).png» успешно загружен. 
[2021-04-27 13:41:05] Файл «Lampa_trubchataya_F20T8-BL368(1).bmp» успешно загружен. 
[2021-04-27 13:46:34] Файл «logo_dkpk.png» успешно загружен. 
[2021-04-27 13:49:18] Файл «Lampa_trubchataya_F20T8-BL368.bmp» успешно загружен. 
