[2021-04-27 14:00:54] Файл «logo_dkpk(1).png» успешно загружен. 
[2021-04-27 14:38:46] Файл «Lampa_trubchataya_F20T8-BL368.bmp» успешно загружен. 
[2021-04-28 10:37:56] Файл «Instrukciya.-Stellazhi-CTB.-170.pdf» успешно загружен. 
[2021-04-28 10:52:19] Файл «Pasport_Konveyer_MCHR-KPK-050518.pdf» успешно загружен. 
[2021-04-28 10:54:35] Файл «Pasport_Korobka_lifta_AX-1-3183.pdf» успешно загружен. 
[2021-04-28 10:54:50] Файл «Pasport_Korobka_lifta_AX-2-3183.pdf» успешно загружен. 
[2021-04-29 13:12:58] Файл «2021.04.29_Akt_defektacii_Logistik_Grupp.pdf» успешно загружен. 
[2021-04-29 13:13:29] Файл «2021.04.29_Akt_priema_sdachi_Logistik_Grupp.pdf» успешно загружен. 
[2021-05-05 08:51:12] Файл «Znischuvach_komah_GC1-60.jpg» успешно загружен. 
[2021-05-05 08:51:29] Файл «Lampa_trubchataya_F20T8-BL368(1).bmp» успешно загружен. 
[2021-05-19 08:30:59] Файл «Schetki-na-Kerher.jpg» успешно загружен. 
[2021-05-19 08:41:08] Файл «Schetki-na-Kerher-2.jpg» успешно загружен. 
[2021-05-19 08:41:08] Файл «Schetki-na-Kerher-3.jpg» успешно загружен. 
[2021-05-19 08:41:08] Файл «Schetki-na-Kerher-4.jpg» успешно загружен. 
[2021-05-19 09:39:37] Файл «Pasport_OVEN_PVT100.pdf» успешно загружен. 
[2021-05-19 09:43:34] Файл «Instrukciya_OVEN_PVT100.pdf» успешно загружен. 
[2021-05-19 11:50:05] Файл «Datchik_OVEN_PVT100.jpg» успешно загружен. 
[2021-05-21 14:26:29] Файл «Schetki-na-Kerher-3(1).jpg» успешно загружен. 
[2021-05-21 14:46:25] Файл «IMG_20210520_105004_6.jpg» успешно загружен. 
[2021-05-21 16:07:44] Файл «IMG_20210520_105013_2.jpg» успешно загружен. 
[2021-05-24 08:44:55] Файл «Schetki-na-Kerher-4(1).jpg» успешно загружен. 
[2021-05-24 08:46:42] Файл «Schetki-na-Kerher-4(1).jpg» успешно загружен. 
[2021-05-24 08:46:52] Файл «Schetki-na-Kerher-4(2).jpg» успешно загружен. 
[2021-05-24 08:48:37] Файл «Schetki-na-Kerher-4(1).jpg» успешно загружен. 
[2021-05-24 08:55:31] Файл «Schetki-na-Kerher-4(1).jpg» успешно загружен. 
[2021-05-24 08:56:25] Файл «Schetki-na-Kerher-4(2).jpg» успешно загружен. 
[2021-05-24 09:02:59] Файл «Schetki-na-Kerher-4(3).jpg» успешно загружен. 
[2021-05-24 09:03:12] Файл «Znischuvach_komah_GC1-60(1).jpg» успешно загружен. 
[2021-05-24 09:03:35] Файл «Znischuvach_komah_GC1-60(2).jpg» успешно загружен. 
[2021-05-24 09:04:17] Файл «Schetki-na-Kerher-4(4).jpg» успешно загружен. 
[2021-05-24 09:50:27] Файл «Datchik_OVEN_PVT100(1).jpg» успешно загружен. 
[2021-05-24 09:50:38] Файл «Akkumulyator-na-shurupovert.jpg» успешно загружен. 
[2021-05-24 09:50:56] Файл «Datchik_OVEN_PVT100(2).jpg» успешно загружен. 
[2021-05-24 09:51:16] Файл «Lampa_trubchataya_F20T8-BL368(2).bmp» успешно загружен. 
[2021-05-24 09:51:51] Файл «Schetki-na-Kerher-2(1).jpg» успешно загружен. 
[2021-05-24 11:12:31] Файл «Schetki-na-Kerher-2(1).jpg» успешно загружен. 
[2021-05-24 11:18:41] Файл «Schetki-na-Kerher-4(2).jpg» успешно загружен. 
[2021-05-24 11:20:27] Файл «Schetki-na-Kerher-4(2).jpg» успешно загружен. 
[2021-05-24 11:23:22] Файл «Datchik_OVEN_PVT100.jpg» успешно загружен. 
[2021-05-24 11:26:44] Файл «Datchik_OVEN_PVT100.jpg» успешно загружен. 
[2021-05-24 11:28:17] Файл «Datchik_OVEN_PVT100.jpg» успешно загружен. 
[2021-05-24 11:29:22] Файл «Datchik_OVEN_PVT100.jpg» успешно загружен. 
[2021-05-24 11:29:48] Файл «Schetki-na-Kerher-2.jpg» успешно загружен. 
[2021-05-24 11:41:19] Файл «Datchik_OVEN_PVT100.jpg» успешно загружен. 
[2021-05-24 11:42:02] Файл «Schetki-na-Kerher-4.jpg» успешно загружен. 
[2021-05-24 11:45:44] Файл «Datchik_OVEN_PVT100.jpg» успешно загружен. 
[2021-05-24 11:48:08] Файл «Schetki-na-Kerher.jpg» успешно загружен. 
[2021-05-24 11:50:59] Файл «Schetki-na-Kerher-3.jpg» успешно загружен. 
[2021-05-24 11:57:53] Файл «Datchik_OVEN_PVT100.jpg» успешно загружен. 
[2021-05-24 14:04:06] Файл «Datchik_OVEN_PVT100.jpg» успешно загружен. 
[2021-05-24 14:05:10] Файл «Lampa_trubchataya_F20T8-BL368.bmp» успешно загружен. 
[2021-05-24 14:07:35] Файл «Znischuvach_komah_GC1-60.jpg» успешно загружен. 
[2021-05-24 14:44:34] Файл «Datchik_OVEN_PVT100.jpg» успешно загружен. 
[2021-05-24 14:46:31] Файл «Schetki-na-Kerher-4.jpg» успешно загружен. 
[2021-05-24 14:46:56] Файл «Datchik_OVEN_PVT100.jpg» успешно загружен. 
[2021-05-24 14:47:06] Файл «Instrukciya_datchik_Autonics_BEN_series.pdf» успешно загружен. 
[2021-05-24 14:52:59] Файл «Znischuvach_komah_GC1-60.jpg» успешно загружен. 
[2021-05-24 14:53:27] Файл «Lampa_trubchataya_F20T8-BL368.bmp» успешно загружен. 
[2021-05-24 14:54:50] Файл «Znischuvach_komah_GC1-60.jpg» успешно загружен. 
[2021-05-24 15:41:19] Файл «Schetki-na-Kerher-4.jpg» успешно загружен. 
[2021-05-24 15:42:41] Файл «Lampa_trubchataya_F20T8-BL368(1).bmp» успешно загружен. 
[2021-05-24 15:44:49] Файл «Schetki-na-Kerher-4(1).jpg» успешно загружен. 
[2021-05-24 15:46:20] Файл «Datchik_OVEN_PVT100.jpg» успешно загружен. 
[2021-05-24 15:53:16] Файл «Datchik_OVEN_PVT100.jpg» успешно загружен. 
[2021-05-24 15:54:47] Файл «Datchik_OVEN_PVT100.jpg» успешно загружен. 
[2021-05-24 15:55:58] Файл «Datchik_OVEN_PVT100.jpg» успешно загружен. 
[2021-05-24 15:55:58] Файл «Schetki-na-Kerher-4.jpg» успешно загружен. 
[2021-05-24 15:57:43] Файл «Datchik_OVEN_PVT100.jpg» успешно загружен. 
[2021-05-24 16:18:03] Файл «Datchik_OVEN_PVT100.jpg» успешно загружен. 
[2021-05-24 16:50:16] Файл «Pasport.-Stellazhi-CTB.-170.pdf» успешно загружен. 
[2021-05-24 16:50:40] Файл «Instrukciya.-Stellazhi-CTB.-170.pdf» успешно загружен. 
[2021-05-24 16:52:50] Файл «Dodatok-do-dogovoru.-Stellazhi-CTB.-170.pdf» успешно загружен. 
[2021-05-24 16:53:35] Файл «Pasport_Konveyer_MCHR-KPK-050518.pdf» успешно загружен. 
[2021-05-25 09:21:31] Файл «Pasport_OVEN_PVT100.pdf» успешно загружен. 
[2021-05-25 09:21:44] Файл «Instrukciya_OVEN_PVT100.pdf» успешно загружен. 
[2021-05-25 09:21:54] Файл «Foto_OVEN_PVT100.jpg» успешно загружен. 
[2021-05-25 09:31:23] Файл «Pasport_Skorostnye_rulonnye_vorota_SACIL_HLB.pdf» успешно загружен. 
[2021-05-25 09:31:37] Файл «Akt_o_priemke-pasport_SACIL_HLB-2.pdf» успешно загружен. 
[2021-05-25 09:31:51] Файл «Instrukciya_Skorostnye_vorota_SACIL_HLB.pdf» успешно загружен. 
[2021-05-25 13:27:11] Файл «Schetki-na-Kerher-4.jpg» успешно загружен. 
[2021-05-25 13:28:28] Файл «Lampa_trubchataya_F20T8-BL368.bmp» успешно загружен. 
[2021-05-25 13:30:42] Файл «Foto_OVEN_PVT100(1).jpg» успешно загружен. 
[2021-05-25 13:33:12] Файл «Pasport_OVEN_PVT100(1).pdf» успешно загружен. 
[2021-05-25 13:33:37] Файл «2021.04.29_Akt_priema_sdachi_Logistik_Grupp.pdf» успешно загружен. 
[2021-05-25 13:35:03] Файл «Znischuvach_komah_GC1-60.jpg» успешно загружен. 
[2021-05-25 13:36:45] Файл «Znischuvach_komah_GC1-60(1).jpg» успешно загружен. 
[2021-05-25 13:38:00] Файл «Foto_OVEN_PVT100(2).jpg» успешно загружен. 
[2021-05-25 13:38:05] Файл «2021.04.29_Akt_priema_sdachi_Logistik_Grupp(1).pdf» успешно загружен. 
[2021-05-25 13:38:10] Файл «Schetki-na-Kerher-4.jpg» успешно загружен. 
[2021-05-25 13:38:16] Файл «Pasport_Sekcionnye_vorota.pdf» успешно загружен. 
[2021-05-25 13:38:23] Файл «Pasport_Schit_lifta_AD-1-3183.pdf» успешно загружен. 
[2021-05-25 15:15:16] Файл «Foto_OVEN_PVT100.jpg» успешно загружен. 
[2021-05-25 15:18:21] Файл «Foto_OVEN_PVT100.jpg» успешно загружен. 
[2021-05-25 15:21:57] Файл «Foto_OVEN_PVT100.jpg» успешно загружен. 
[2021-05-25 15:23:07] Файл «Instrukciya_datchik_Autonics_BEN_series.pdf» успешно загружен. 
[2021-05-25 15:23:11] Файл «Akkumulyator-na-shurupovert.jpg» успешно загружен. 
[2021-05-25 15:23:16] Файл «Schetki-na-Kerher-2.jpg» успешно загружен. 
[2021-05-25 15:23:20] Файл «Schetki-na-Kerher.jpg» успешно загружен. 
[2021-05-25 15:23:26] Файл «Lampa_trubchataya_F20T8-BL368.bmp» успешно загружен. 
[2021-05-25 15:48:39] Файл «Znischuvach_komah_GC1-60.jpg» успешно загружен. 
[2021-05-25 15:48:55] Файл «2021.04.29_Akt_defektacii_Logistik_Grupp.pdf» успешно загружен. 
[2021-05-25 15:48:58] Файл «2021.04.29_Akt_priema_sdachi_Logistik_Grupp(2).pdf» успешно загружен. 
[2021-05-25 15:49:03] Файл «Akkumulyator-na-shurupovert.jpg» успешно загружен. 
[2021-05-25 15:49:11] Файл «Pasport.-Stellazhi-CTB.-170(1).pdf» успешно загружен. 
[2021-05-25 15:49:32] Файл «Schetki-na-Kerher.jpg» успешно загружен. 
[2021-05-25 15:49:38] Файл «Instrukciya.-Stellazhi-CTB.-170(1).pdf» успешно загружен. 
[2021-05-25 15:55:32] Файл «IMG_20210425_133750_3.jpg» успешно загружен. 
[2021-05-25 15:56:00] Файл «IMG_20210511_102238_2.jpg» успешно загружен. 
[2021-06-01 16:30:56] Файл «Schetki-na-Kerher-4.jpg» успешно загружен. 
[2021-06-01 16:30:56] Файл «Schetki-na-Kerher-3.jpg» успешно загружен. 
[2021-06-01 16:30:56] Файл «Schetki-na-Kerher-2.jpg» успешно загружен. 
[2021-06-01 16:30:56] Файл «Schetki-na-Kerher.jpg» успешно загружен. 
[2021-06-10 13:39:51] Файл «P1840214.JPG» успешно загружен. 
[2021-06-10 13:40:14] Файл «P1840209.JPG» успешно загружен. 
[2021-06-10 13:40:14] Файл «P1840210.JPG» успешно загружен. 
[2021-06-10 13:40:14] Файл «P1840211.JPG» успешно загружен. 
[2021-06-10 13:40:14] Файл «P1840212.JPG» успешно загружен. 
[2021-06-10 13:40:14] Файл «P1840213.JPG» успешно загружен. 
[2021-06-10 13:51:36] Файл «P1840223.JPG» успешно загружен. 
[2021-06-10 13:52:14] Файл «P1840215.JPG» успешно загружен. 
[2021-06-10 13:53:12] Файл «P1840216.JPG» успешно загружен. 
[2021-06-10 13:53:12] Файл «P1840217.JPG» успешно загружен. 
[2021-06-10 13:53:12] Файл «P1840218.JPG» успешно загружен. 
[2021-06-10 13:53:30] Файл «P1840219.JPG» успешно загружен. 
[2021-06-10 13:53:30] Файл «P1840220.JPG» успешно загружен. 
[2021-06-10 13:53:30] Файл «P1840221.JPG» успешно загружен. 
[2021-06-10 13:53:30] Файл «P1840222.JPG» успешно загружен. 
[2021-06-10 14:00:28] Файл «P1840234.JPG» успешно загружен. 
[2021-06-10 14:00:55] Файл «P1840224.JPG» успешно загружен. 
[2021-06-10 14:00:55] Файл «P1840225.JPG» успешно загружен. 
[2021-06-10 14:00:55] Файл «P1840226.JPG» успешно загружен. 
[2021-06-10 14:00:55] Файл «P1840227.JPG» успешно загружен. 
[2021-06-10 14:00:55] Файл «P1840228.JPG» успешно загружен. 
[2021-06-10 14:01:16] Файл «P1840229.JPG» успешно загружен. 
[2021-06-10 14:01:16] Файл «P1840230.JPG» успешно загружен. 
[2021-06-10 14:01:16] Файл «P1840231.JPG» успешно загружен. 
[2021-06-10 14:01:16] Файл «P1840232.JPG» успешно загружен. 
[2021-06-10 14:01:16] Файл «P1840233.JPG» успешно загружен. 
[2021-06-10 14:11:42] Файл «P1840243.JPG» успешно загружен. 
[2021-06-10 14:12:06] Файл «P1840235.JPG» успешно загружен. 
[2021-06-10 14:12:06] Файл «P1840236.JPG» успешно загружен. 
[2021-06-10 14:12:06] Файл «P1840237.JPG» успешно загружен. 
[2021-06-10 14:12:06] Файл «P1840238.JPG» успешно загружен. 
[2021-06-10 14:12:34] Файл «P1840239.JPG» успешно загружен. 
[2021-06-10 14:12:35] Файл «P1840240.JPG» успешно загружен. 
[2021-06-10 14:12:35] Файл «P1840241.JPG» успешно загружен. 
[2021-06-10 14:12:35] Файл «P1840242.JPG» успешно загружен. 
[2021-06-25 13:31:35] Файл «IMG_20210625_132854_2.jpg» успешно загружен. 
[2021-06-25 13:32:01] Файл «IMG_20210625_124946_0.jpg» успешно загружен. 
[2021-06-25 13:39:07] Файл «IMG_20210625_132854_2(1).jpg» успешно загружен. 
[2021-06-25 13:40:55] Файл «IMG_20210625_124946_0.jpg» успешно загружен. 
[2021-07-05 16:08:39] Файл «IMG_20210702_162840_0.jpg» успешно загружен. 
[2021-07-05 16:09:44] Файл «IMG_20210702_093403_5.jpg» успешно загружен. 
[2021-07-08 10:21:31] Файл «Derzhatel-vsasyvayuschey-balki-2.jpg» успешно загружен. 
[2021-07-08 10:21:31] Файл «Derzhatel-vsasyvayuschey-balki.jpg» успешно загружен. 
[2021-07-08 10:24:12] Файл «Opticheskiy-datchik.bmp» успешно загружен. 
[2021-07-08 10:24:39] Файл «Opticheskiy-datchik.jpg» успешно загружен. 
[2021-07-08 14:02:35] Файл «IMG_20210708_134347_5.jpg» успешно загружен. 
[2021-07-08 14:02:54] Файл «IMG_20210708_134508_7.jpg» успешно загружен. 
[2021-07-08 14:03:55] Файл «IMG_20210708_134652_0.jpg» успешно загружен. 
[2021-07-08 15:24:12] Файл «IMG_20210708_134905_4.jpg» успешно загружен. 
[2021-07-08 15:24:41] Файл «IMG_20210708_134913_6.jpg» успешно загружен. 
[2021-07-08 15:24:41] Файл «IMG_20210708_134926_9.jpg» успешно загружен. 
[2021-07-08 15:25:54] Файл «IMG_20210708_134508_7.jpg» успешно загружен. 
[2021-07-13 14:05:58] Файл «Akt-priema-vypolnennyh-rabot-2021.07.13-Logistik-Grupp.pdf» успешно загружен. 
[2021-07-16 15:07:47] Файл «IMG_20210716_150318_8.jpg» успешно загружен. 
[2021-07-16 15:09:31] Файл «KerherV150_garantiynyy_talon-1.jpg» успешно загружен. 
[2021-07-16 15:09:31] Файл «KerherV150-_garantiynyy_talon-2.jpg» успешно загружен. 
[2021-07-21 15:10:11] Файл «Akt-priema-vypolnennyh-rabot-2021.07.13-Logistik-Grupp.pdf» успешно загружен. 
[2021-07-29 10:15:56] Файл «IMG_20210729_093540_7.jpg» успешно загружен. 
[2021-07-29 10:16:47] Файл «IMG_20210728_160439_7.jpg» успешно загружен. 
[2021-07-29 10:17:23] Файл «IMG_20210729_094234_5.jpg» успешно загружен. 
[2021-07-29 10:20:40] Файл «IMG_20210729_094234_5.jpg» успешно загружен. 
[2021-07-29 10:20:59] Файл «IMG_20210729_094307_6.jpg» успешно загружен. 
[2021-07-29 10:21:21] Файл «IMG_20210729_094332_4.jpg» успешно загружен. 
[2021-07-29 10:21:41] Файл «IMG_20210729_094910_2.jpg» успешно загружен. 
[2021-07-29 10:21:56] Файл «IMG_20210729_094936_3.jpg» успешно загружен. 
[2021-07-29 10:22:06] Файл «IMG_20210729_094947_1.jpg» успешно загружен. 
[2021-08-04 14:47:21] Файл «Akt-priema-vypolnennyh-rabot-2021.08.04-Logistik-Grupp.pdf» успешно загружен. 
[2021-09-17 11:03:21] Файл «IMG_20210917_105640_8.jpg» успешно загружен. 
[2021-09-17 11:03:57] Файл «IMG_20210917_105706_7.jpg» успешно загружен. 
[2021-09-17 11:07:04] Файл «IMG_20210917_105754_6.jpg» успешно загружен. 
[2021-09-17 11:07:23] Файл «IMG_20210917_105815_9.jpg» успешно загружен. 
[2021-09-17 11:08:05] Файл «IMG_20210917_105754_6(1).jpg» успешно загружен. 
[2021-09-17 11:08:20] Файл «IMG_20210917_105836_9.jpg» успешно загружен. 
[2021-09-21 16:43:34] Файл «IMG_20210921_113254_6.jpg» успешно загружен. 
[2021-09-21 16:43:57] Файл «IMG_20210921_113222_1.jpg» успешно загружен. 
[2021-09-22 07:59:14] Файл «IMG_20210921_113254_6.jpg» успешно загружен. 
[2021-09-22 07:59:35] Файл «IMG_20210921_113222_1.jpg» успешно загружен. 
[2021-09-22 11:09:45] Файл «IMG_20210922_104401_2.jpg» успешно загружен. 
[2021-09-22 11:13:57] Файл «-nstrukciya-po-ekspluatacii-akkumulyatorov-Sonnenschein-seriy-EPzV,-EPzV-BS.pdf» успешно загружен. 
[2021-09-22 11:24:25] Файл «Tehpasport-akkumulyatorov-Sonnenschein-EPzV.pdf» успешно загружен. 
[2021-09-22 11:25:04] Файл «Tehpasport-akkumulyatorov-Sonnenschein-EPzV(1).pdf» успешно загружен. 
[2021-09-22 11:25:11] Файл «-nstrukciya-po-ekspluatacii-akkumulyatorov-Sonnenschein-seriy-EPzV,-EPzV-BS(1).pdf» успешно загружен. 
[2022-06-07 16:18:09] Файл «download-(3).jfif» успешно загружен. 
[2022-06-27 23:36:54] Файл «download-(1).jfif» успешно загружен. 
[2022-06-27 23:37:03] Файл «download-(2).jfif» успешно загружен. 
